<?xml version="1.0" encoding="UTF-8"?>
<!-- Generated by org.testng.reporters.JUnitXMLReporter -->
<testsuite ignored="3" hostname="EMEITLP124" failures="0" tests="1" name="Default test" time="11.81" errors="0" timestamp="2022-03-30T08:57:37 IST">
  <testcase classname="com.Eme.testcases.HomePageTestCases" name="cartCountTest" time="1.765"/>
  <testcase classname="com.Eme.testcases.HomePageTestCases" name="helplinkTest" time="0.0">
    <ignored/>
  </testcase> <!-- helplinkTest -->
  <testcase classname="com.Eme.testcases.HomePageTestCases" name="logoClickActionTest" time="0.0">
    <ignored/>
  </testcase> <!-- logoClickActionTest -->
  <testcase classname="com.Eme.testcases.HomePageTestCases" name="cartPresence" time="0.0">
    <ignored/>
  </testcase> <!-- cartPresence -->
</testsuite> <!-- Default test -->
