<?xml version="1.0" encoding="UTF-8"?>
<!-- Generated by org.testng.reporters.JUnitXMLReporter -->
<testsuite ignored="6" hostname="EMEITLP124" failures="1" tests="1" name="Test" time="5.377" errors="0" timestamp="2022-10-11T23:14:11 IST">
  <testcase classname="com.Eme.testcases.cartTestCases" name="increaseQuantityTest" time="0.005">
    <failure type="java.lang.NullPointerException" message="Cannot invoke &amp;quot;com.Eme.pages.HomePage.addEyeGlass()&amp;quot; because &amp;quot;this.homePage&amp;quot; is null">
      <![CDATA[java.lang.NullPointerException: Cannot invoke "com.Eme.pages.HomePage.addEyeGlass()" because "this.homePage" is null
at com.Eme.pages.cartOperations.increaseQuantity(cartOperations.java:120)
at com.Eme.testcases.cartTestCases.increaseQuantityTest(cartTestCases.java:65)
at java.base/java.util.ArrayList.forEach(ArrayList.java:1511)
... Removed 27 stack frames]]>
    </failure>
  </testcase> <!-- increaseQuantityTest -->
  <testcase classname="com.Eme.testcases.cartTestCases" name="emptyCartTest" time="0.0">
    <ignored/>
  </testcase> <!-- emptyCartTest -->
  <testcase classname="com.Eme.testcases.cartTestCases" name="isLogoExist" time="0.0">
    <ignored/>
  </testcase> <!-- isLogoExist -->
  <testcase classname="com.Eme.testcases.cartTestCases" name="myBagColorTest" time="0.0">
    <ignored/>
  </testcase> <!-- myBagColorTest -->
  <testcase classname="com.Eme.testcases.cartTestCases" name="cartStepDataTest" time="0.0">
    <ignored/>
  </testcase> <!-- cartStepDataTest -->
  <testcase classname="com.Eme.testcases.cartTestCases" name="loginPopupOpenTest" time="0.0">
    <ignored/>
  </testcase> <!-- loginPopupOpenTest -->
  <testcase classname="com.Eme.testcases.cartTestCases" name="emptyCartbtnTest" time="0.0">
    <ignored/>
  </testcase> <!-- emptyCartbtnTest -->
</testsuite> <!-- Test -->
