<?xml version="1.0" encoding="UTF-8"?>
<!-- Generated by org.testng.reporters.JUnitXMLReporter -->
<testsuite ignored="5" hostname="EMEITLP124" failures="0" tests="1" name="Test" time="12.474" errors="0" timestamp="2022-07-05T18:35:14 IST">
  <testcase classname="com.Eme.testcases.LoginPageTestCases" name="LoginTest_006" time="2.948"/>
  <testcase classname="com.Eme.testcases.LoginPageTestCases" name="LoginTest_002" time="0.0">
    <ignored/>
  </testcase> <!-- LoginTest_002 -->
  <testcase classname="com.Eme.testcases.LoginPageTestCases" name="LoginTest_001" time="0.0">
    <ignored/>
  </testcase> <!-- LoginTest_001 -->
  <testcase classname="com.Eme.testcases.LoginPageTestCases" name="LoginTest_003" time="0.0">
    <ignored/>
  </testcase> <!-- LoginTest_003 -->
  <testcase classname="com.Eme.testcases.LoginPageTestCases" name="LoginTest_004" time="0.0">
    <ignored/>
  </testcase> <!-- LoginTest_004 -->
  <testcase classname="com.Eme.testcases.LoginPageTestCases" name="LoginTest_005" time="0.0">
    <ignored/>
  </testcase> <!-- LoginTest_005 -->
</testsuite> <!-- Test -->
