<?xml version="1.0" encoding="UTF-8"?>
<testng-results ignored="6" total="7" passed="1" failed="0" skipped="0">
  <reporter-output>
  </reporter-output>
  <suite started-at="2022-10-19T08:29:08 IST" name="Suite" finished-at="2022-10-19T08:29:29 IST" duration-ms="20696">
    <groups>
    </groups>
    <test started-at="2022-10-19T08:29:08 IST" name="Test" finished-at="2022-10-19T08:29:29 IST" duration-ms="20696">
      <class name="com.Eme.testcases.cartTestCases">
        <test-method is-config="true" signature="launchBrowser()[pri:0, instance:com.Eme.testcases.cartTestCases@5d534f5d]" started-at="2022-10-19T08:29:08 IST" name="launchBrowser" finished-at="2022-10-19T08:29:17 IST" duration-ms="9080" status="PASS">
          <reporter-output>
          </reporter-output>
        </test-method> <!-- launchBrowser -->
        <test-method is-config="true" signature="initializewebElement()[pri:0, instance:com.Eme.testcases.cartTestCases@5d534f5d]" started-at="2022-10-19T08:29:17 IST" name="initializewebElement" finished-at="2022-10-19T08:29:17 IST" duration-ms="69" status="PASS">
          <reporter-output>
          </reporter-output>
        </test-method> <!-- initializewebElement -->
        <test-method signature="increaseQuantityTest()[pri:0, instance:com.Eme.testcases.cartTestCases@5d534f5d]" started-at="2022-10-19T08:29:17 IST" name="increaseQuantityTest" description="Increase quantity test" finished-at="2022-10-19T08:29:28 IST" duration-ms="10332" status="PASS">
          <reporter-output>
          </reporter-output>
        </test-method> <!-- increaseQuantityTest -->
        <test-method is-config="true" signature="closeBrowser(org.testng.ITestResult)[pri:0, instance:com.Eme.testcases.cartTestCases@5d534f5d]" started-at="2022-10-19T08:29:28 IST" name="closeBrowser" finished-at="2022-10-19T08:29:29 IST" duration-ms="1157" status="PASS">
          <params>
            <param index="0">
              <value>
                <![CDATA[[TestResult name=increaseQuantityTest status=SUCCESS method=cartTestCases.increaseQuantityTest()[pri:0, instance:com.Eme.testcases.cartTestCases@5d534f5d] output={null}]]]>
              </value>
            </param>
          </params>
          <reporter-output>
          </reporter-output>
        </test-method> <!-- closeBrowser -->
      </class> <!-- com.Eme.testcases.cartTestCases -->
    </test> <!-- Test -->
  </suite> <!-- Suite -->
</testng-results>
