<?xml version="1.0" encoding="UTF-8"?>
<testng-results ignored="4" total="5" passed="1" failed="0" skipped="0">
  <reporter-output>
  </reporter-output>
  <suite started-at="2022-04-07T16:41:29 IST" name="Default suite" finished-at="2022-04-07T16:41:39 IST" duration-ms="9472">
    <groups>
    </groups>
    <test started-at="2022-04-07T16:41:29 IST" name="Default test" finished-at="2022-04-07T16:41:39 IST" duration-ms="9472">
      <class name="com.Eme.testcases.HomePageTestCases">
        <test-method is-config="true" signature="launchBrowser()[pri:0, instance:com.Eme.testcases.HomePageTestCases@2d52216b]" started-at="2022-04-07T16:41:29 IST" name="launchBrowser" finished-at="2022-04-07T16:41:38 IST" duration-ms="8669" status="PASS">
          <reporter-output>
          </reporter-output>
        </test-method> <!-- launchBrowser -->
        <test-method is-config="true" signature="initializeObjects()[pri:0, instance:com.Eme.testcases.HomePageTestCases@2d52216b]" started-at="2022-04-07T16:41:38 IST" name="initializeObjects" finished-at="2022-04-07T16:41:38 IST" duration-ms="82" status="PASS">
          <reporter-output>
          </reporter-output>
        </test-method> <!-- initializeObjects -->
        <test-method signature="menuItemsTest()[pri:0, instance:com.Eme.testcases.HomePageTestCases@2d52216b]" started-at="2022-04-07T16:41:38 IST" name="menuItemsTest" finished-at="2022-04-07T16:41:38 IST" duration-ms="368" status="PASS">
          <reporter-output>
          </reporter-output>
        </test-method> <!-- menuItemsTest -->
        <test-method is-config="true" signature="closeBrowser()[pri:0, instance:com.Eme.testcases.HomePageTestCases@2d52216b]" started-at="2022-04-07T16:41:38 IST" name="closeBrowser" finished-at="2022-04-07T16:41:39 IST" duration-ms="299" status="PASS">
          <reporter-output>
          </reporter-output>
        </test-method> <!-- closeBrowser -->
      </class> <!-- com.Eme.testcases.HomePageTestCases -->
    </test> <!-- Default test -->
  </suite> <!-- Default suite -->
</testng-results>
